# JRE version: Java(TM) SE Runtime Environment (8.0_161-b12) (build 1.8.0_161-b12)
# Java VM: Java HotSpot(TM) 64-Bit Server VM (25.161-b12 mixed mode windows-amd64 compressed oops)
Heap:
 PSYoungGen      total 170496K, used 68986K [0x0000000780980000, 0x000000078db80000, 0x00000007c0000000)
  eden space 151552K, 36% used [0x0000000780980000,0x0000000783fcfbd0,0x0000000789d80000)
  from space 18944K, 70% used [0x0000000789d80000,0x000000078aa8f008,0x000000078b000000)
  to   space 19456K, 0% used [0x000000078c880000,0x000000078c880000,0x000000078db80000)
 ParOldGen       total 142848K, used 22008K [0x0000000701c00000, 0x000000070a780000, 0x0000000780980000)
  object space 142848K, 15% used [0x0000000701c00000,0x000000070317e3b8,0x000000070a780000)
 Metaspace       used 51747K, capacity 54190K, committed 54312K, reserved 1095680K
  class space    used 6999K, capacity 7451K, committed 7464K, reserved 1048576K
GC Heap History (10 events):
Event: 4.410 GC heap before
{Heap before GC invocations=7 (full 1):
 PSYoungGen      total 102912K, used 102883K [0x0000000780980000, 0x0000000788f00000, 0x00000007c0000000)
  eden space 94720K, 99% used [0x0000000780980000,0x00000007865fe708,0x0000000786600000)
  from space 8192K, 99% used [0x0000000786600000,0x0000000786dfa6e8,0x0000000786e00000)
  to   space 13824K, 0% used [0x0000000788180000,0x0000000788180000,0x0000000788f00000)
 ParOldGen       total 81408K, used 12826K [0x0000000701c00000, 0x0000000706b80000, 0x0000000780980000)
  object space 81408K, 15% used [0x0000000701c00000,0x00000007028869c0,0x0000000706b80000)
 Metaspace       used 29570K, capacity 30936K, committed 31232K, reserved 1077248K
  class space    used 3997K, capacity 4279K, committed 4352K, reserved 1048576K
Event: 4.429 GC heap after
Heap after GC invocations=7 (full 1):
 PSYoungGen      total 120320K, used 13802K [0x0000000780980000, 0x000000078b200000, 0x00000007c0000000)
  eden space 106496K, 0% used [0x0000000780980000,0x0000000780980000,0x0000000787180000)
  from space 13824K, 99% used [0x0000000788180000,0x0000000788efa838,0x0000000788f00000)
  to   space 16384K, 0% used [0x0000000787180000,0x0000000787180000,0x0000000788180000)
 ParOldGen       total 81408K, used 12834K [0x0000000701c00000, 0x0000000706b80000, 0x0000000780980000)
  object space 81408K, 15% used [0x0000000701c00000,0x00000007028889c0,0x0000000706b80000)
 Metaspace       used 29570K, capacity 30936K, committed 31232K, reserved 1077248K
  class space    used 3997K, capacity 4279K, committed 4352K, reserved 1048576K
}
Event: 5.456 GC heap before
{Heap before GC invocations=8 (full 1):
 PSYoungGen      total 120320K, used 69717K [0x0000000780980000, 0x000000078b200000, 0x00000007c0000000)
  eden space 106496K, 52% used [0x0000000780980000,0x000000078401af90,0x0000000787180000)
  from space 13824K, 99% used [0x0000000788180000,0x0000000788efa838,0x0000000788f00000)
  to   space 16384K, 0% used [0x0000000787180000,0x0000000787180000,0x0000000788180000)
 ParOldGen       total 81408K, used 12834K [0x0000000701c00000, 0x0000000706b80000, 0x0000000780980000)
  object space 81408K, 15% used [0x0000000701c00000,0x00000007028889c0,0x0000000706b80000)
 Metaspace       used 33998K, capacity 35422K, committed 35496K, reserved 1079296K
  class space    used 4470K, capacity 4774K, committed 4776K, reserved 1048576K
Event: 5.481 GC heap after
Heap after GC invocations=8 (full 1):
 PSYoungGen      total 122880K, used 16367K [0x0000000780980000, 0x000000078c880000, 0x00000007c0000000)
  eden space 106496K, 0% used [0x0000000780980000,0x0000000780980000,0x0000000787180000)
  from space 16384K, 99% used [0x0000000787180000,0x000000078817bff8,0x0000000788180000)
  to   space 18944K, 0% used [0x000000078b600000,0x000000078b600000,0x000000078c880000)
 ParOldGen       total 81408K, used 13248K [0x0000000701c00000, 0x0000000706b80000, 0x0000000780980000)
  object space 81408K, 16% used [0x0000000701c00000,0x00000007028f0000,0x0000000706b80000)
 Metaspace       used 33998K, capacity 35422K, committed 35496K, reserved 1079296K
  class space    used 4470K, capacity 4774K, committed 4776K, reserved 1048576K
}
Event: 5.481 GC heap before
{Heap before GC invocations=9 (full 2):
 PSYoungGen      total 122880K, used 16367K [0x0000000780980000, 0x000000078c880000, 0x00000007c0000000)
  eden space 106496K, 0% used [0x0000000780980000,0x0000000780980000,0x0000000787180000)
  from space 16384K, 99% used [0x0000000787180000,0x000000078817bff8,0x0000000788180000)
  to   space 18944K, 0% used [0x000000078b600000,0x000000078b600000,0x000000078c880000)
 ParOldGen       total 81408K, used 13248K [0x0000000701c00000, 0x0000000706b80000, 0x0000000780980000)
  object space 81408K, 16% used [0x0000000701c00000,0x00000007028f0000,0x0000000706b80000)
 Metaspace       used 33998K, capacity 35422K, committed 35496K, reserved 1079296K
  class space    used 4470K, capacity 4774K, committed 4776K, reserved 1048576K
Event: 5.613 GC heap after
Heap after GC invocations=9 (full 2):
 PSYoungGen      total 122880K, used 0K [0x0000000780980000, 0x000000078c880000, 0x00000007c0000000)
  eden space 106496K, 0% used [0x0000000780980000,0x0000000780980000,0x0000000787180000)
  from space 16384K, 0% used [0x0000000787180000,0x0000000787180000,0x0000000788180000)
  to   space 18944K, 0% used [0x000000078b600000,0x000000078b600000,0x000000078c880000)
 ParOldGen       total 142848K, used 21992K [0x0000000701c00000, 0x000000070a780000, 0x0000000780980000)
  object space 142848K, 15% used [0x0000000701c00000,0x000000070317a3b8,0x000000070a780000)
 Metaspace       used 33998K, capacity 35422K, committed 35496K, reserved 1079296K
  class space    used 4470K, capacity 4774K, committed 4776K, reserved 1048576K
}
Event: 7.444 GC heap before
{Heap before GC invocations=10 (full 2):
 PSYoungGen      total 122880K, used 106496K [0x0000000780980000, 0x000000078c880000, 0x00000007c0000000)
  eden space 106496K, 100% used [0x0000000780980000,0x0000000787180000,0x0000000787180000)
  from space 16384K, 0% used [0x0000000787180000,0x0000000787180000,0x0000000788180000)
  to   space 18944K, 0% used [0x000000078b600000,0x000000078b600000,0x000000078c880000)
 ParOldGen       total 142848K, used 21992K [0x0000000701c00000, 0x000000070a780000, 0x0000000780980000)
  object space 142848K, 15% used [0x0000000701c00000,0x000000070317a3b8,0x000000070a780000)
 Metaspace       used 44437K, capacity 46322K, committed 46632K, reserved 1089536K
  class space    used 6009K, capacity 6378K, committed 6440K, reserved 1048576K
Event: 7.462 GC heap after
Heap after GC invocations=10 (full 2):
 PSYoungGen      total 158720K, used 12484K [0x0000000780980000, 0x000000078c280000, 0x00000007c0000000)
  eden space 145920K, 0% used [0x0000000780980000,0x0000000780980000,0x0000000789800000)
  from space 12800K, 97% used [0x000000078b600000,0x000000078c231098,0x000000078c280000)
  to   space 18944K, 0% used [0x0000000789d80000,0x0000000789d80000,0x000000078b000000)
 ParOldGen       total 142848K, used 22000K [0x0000000701c00000, 0x000000070a780000, 0x0000000780980000)
  object space 142848K, 15% used [0x0000000701c00000,0x000000070317c3b8,0x000000070a780000)
 Metaspace       used 44437K, capacity 46322K, committed 46632K, reserved 1089536K
  class space    used 6009K, capacity 6378K, committed 6440K, reserved 1048576K
}
Event: 9.363 GC heap before
{Heap before GC invocations=11 (full 2):
 PSYoungGen      total 158720K, used 158404K [0x0000000780980000, 0x000000078c280000, 0x00000007c0000000)
  eden space 145920K, 100% used [0x0000000780980000,0x0000000789800000,0x0000000789800000)
  from space 12800K, 97% used [0x000000078b600000,0x000000078c231098,0x000000078c280000)
  to   space 18944K, 0% used [0x0000000789d80000,0x0000000789d80000,0x000000078b000000)
 ParOldGen       total 142848K, used 22000K [0x0000000701c00000, 0x000000070a780000, 0x0000000780980000)
  object space 142848K, 15% used [0x0000000701c00000,0x000000070317c3b8,0x000000070a780000)
 Metaspace       used 47191K, capacity 49540K, committed 49704K, reserved 1091584K
  class space    used 6432K, capacity 6856K, committed 6952K, reserved 1048576K
Event: 9.384 GC heap after
Heap after GC invocations=11 (full 2):
 PSYoungGen      total 170496K, used 13372K [0x0000000780980000, 0x000000078db80000, 0x00000007c0000000)
  eden space 151552K, 0% used [0x0000000780980000,0x0000000780980000,0x0000000789d80000)
  from space 18944K, 70% used [0x0000000789d80000,0x000000078aa8f008,0x000000078b000000)
  to   space 19456K, 0% used [0x000000078c880000,0x000000078c880000,0x000000078db80000)
 ParOldGen       total 142848K, used 22008K [0x0000000701c00000, 0x000000070a780000, 0x0000000780980000)
  object space 142848K, 15% used [0x0000000701c00000,0x000000070317e3b8,0x000000070a780000)
 Metaspace       used 47191K, capacity 49540K, committed 49704K, reserved 1091584K
  class space    used 6432K, capacity 6856K, committed 6952K, reserved 1048576K
}

